d:\대학 2020\게임 그래픽스 실습\graphics_team-master (3)\graphics_team-master\graphic_teamproject\debug\vc142.pdb
d:\대학 2020\게임 그래픽스 실습\graphics_team-master (3)\graphics_team-master\graphic_teamproject\debug\vc142.idb
d:\대학 2020\게임 그래픽스 실습\graphics_team-master (3)\graphics_team-master\graphic_teamproject\debug\textureshaderclass.obj
d:\대학 2020\게임 그래픽스 실습\graphics_team-master (3)\graphics_team-master\graphic_teamproject\debug\bitmapclass.obj
d:\대학 2020\게임 그래픽스 실습\graphics_team-master (3)\graphics_team-master\graphic_teamproject\debug\skydome.obj
d:\대학 2020\게임 그래픽스 실습\graphics_team-master (3)\graphics_team-master\graphic_teamproject\debug\timerclass.obj
d:\대학 2020\게임 그래픽스 실습\graphics_team-master (3)\graphics_team-master\graphic_teamproject\debug\textureclass.obj
d:\대학 2020\게임 그래픽스 실습\graphics_team-master (3)\graphics_team-master\graphic_teamproject\debug\systemclass.obj
d:\대학 2020\게임 그래픽스 실습\graphics_team-master (3)\graphics_team-master\graphic_teamproject\debug\positionclass.obj
d:\대학 2020\게임 그래픽스 실습\graphics_team-master (3)\graphics_team-master\graphic_teamproject\debug\modelclass.obj
d:\대학 2020\게임 그래픽스 실습\graphics_team-master (3)\graphics_team-master\graphic_teamproject\debug\main.obj
d:\대학 2020\게임 그래픽스 실습\graphics_team-master (3)\graphics_team-master\graphic_teamproject\debug\lightshaderclass.obj
d:\대학 2020\게임 그래픽스 실습\graphics_team-master (3)\graphics_team-master\graphic_teamproject\debug\lightclass.obj
d:\대학 2020\게임 그래픽스 실습\graphics_team-master (3)\graphics_team-master\graphic_teamproject\debug\inputclass.obj
d:\대학 2020\게임 그래픽스 실습\graphics_team-master (3)\graphics_team-master\graphic_teamproject\debug\graphicsclass.obj
d:\대학 2020\게임 그래픽스 실습\graphics_team-master (3)\graphics_team-master\graphic_teamproject\debug\d3dclass.obj
d:\대학 2020\게임 그래픽스 실습\graphics_team-master (3)\graphics_team-master\graphic_teamproject\debug\cameraclass.obj
d:\대학 2020\게임 그래픽스 실습\graphics_team-master (3)\graphics_team-master\debug\graphic_teamproject.ilk
d:\대학 2020\게임 그래픽스 실습\graphics_team-master (3)\graphics_team-master\debug\graphic_teamproject.exe
d:\대학 2020\게임 그래픽스 실습\graphics_team-master (3)\graphics_team-master\debug\graphic_teamproject.pdb
d:\대학 2020\게임 그래픽스 실습\graphics_team-master (3)\graphics_team-master\graphic_teamproject\debug\graphic_.7220e31d.tlog\cl.command.1.tlog
d:\대학 2020\게임 그래픽스 실습\graphics_team-master (3)\graphics_team-master\graphic_teamproject\debug\graphic_.7220e31d.tlog\cl.read.1.tlog
d:\대학 2020\게임 그래픽스 실습\graphics_team-master (3)\graphics_team-master\graphic_teamproject\debug\graphic_.7220e31d.tlog\cl.write.1.tlog
d:\대학 2020\게임 그래픽스 실습\graphics_team-master (3)\graphics_team-master\graphic_teamproject\debug\graphic_.7220e31d.tlog\link.command.1.tlog
d:\대학 2020\게임 그래픽스 실습\graphics_team-master (3)\graphics_team-master\graphic_teamproject\debug\graphic_.7220e31d.tlog\link.read.1.tlog
d:\대학 2020\게임 그래픽스 실습\graphics_team-master (3)\graphics_team-master\graphic_teamproject\debug\graphic_.7220e31d.tlog\link.write.1.tlog
